# JRE version: OpenJDK Runtime Environment (21.0.7) (build 21.0.7+-13880790-b1038.58)
# Java VM: OpenJDK 64-Bit Server VM (21.0.7+-13880790-b1038.58, mixed mode, tiered, compressed oops, compressed class ptrs, g1 gc, windows-amd64)
GC Precious Log:
 CardTable entry size: 512
 Card Set container configuration: InlinePtr #cards 5 size 8 Array Of Cards #cards 12 size 40 Howl #buckets 4 coarsen threshold 1843 Howl Bitmap #cards 512 size 80 coarsen threshold 460 Card regions per heap region 1 cards per card region 2048
 CPUs: 8 total, 8 available
 Memory: 12022M
 Large Page Support: Disabled
 NUMA Support: Disabled
 Compressed Oops: Enabled (32-bit)
 Heap Region Size: 1M
 Heap Min Capacity: 8M
 Heap Initial Capacity: 188M
 Heap Max Capacity: 2G
 Pre-touch: Disabled
 Parallel Workers: 8
 Concurrent Workers: 2
 Concurrent Refinement Workers: 8
 Periodic GC: Disabled
Heap:
 garbage-first heap   total 416768K, used 213820K [0x0000000080000000, 0x0000000100000000)
  region size 1024K, 7 young (7168K), 7 survivors (7168K)
 Metaspace       used 129945K, committed 132160K, reserved 1179648K
  class space    used 17866K, committed 18944K, reserved 1048576K
GC Heap History (20 events):
Event: 19.748 GC heap after
{Heap after GC invocations=52 (full 0):
 garbage-first heap   total 233472K, used 161094K [0x0000000080000000, 0x0000000100000000)
  region size 1024K, 9 young (9216K), 9 survivors (9216K)
 Metaspace       used 117769K, committed 120064K, reserved 1179648K
  class space    used 16102K, committed 17216K, reserved 1048576K
}
Event: 20.128 GC heap before
{Heap before GC invocations=53 (full 0):
 garbage-first heap   total 270336K, used 209222K [0x0000000080000000, 0x0000000100000000)
  region size 1024K, 56 young (57344K), 9 survivors (9216K)
 Metaspace       used 119253K, committed 121536K, reserved 1179648K
  class space    used 16352K, committed 17472K, reserved 1048576K
}
Event: 20.143 GC heap after
{Heap after GC invocations=54 (full 0):
 garbage-first heap   total 270336K, used 171008K [0x0000000080000000, 0x0000000100000000)
  region size 1024K, 7 young (7168K), 7 survivors (7168K)
 Metaspace       used 119253K, committed 121536K, reserved 1179648K
  class space    used 16352K, committed 17472K, reserved 1048576K
}
Event: 20.542 GC heap before
{Heap before GC invocations=54 (full 0):
 garbage-first heap   total 270336K, used 237568K [0x0000000080000000, 0x0000000100000000)
  region size 1024K, 73 young (74752K), 7 survivors (7168K)
 Metaspace       used 122411K, committed 124672K, reserved 1179648K
  class space    used 16872K, committed 17984K, reserved 1048576K
}
Event: 20.562 GC heap after
{Heap after GC invocations=55 (full 0):
 garbage-first heap   total 416768K, used 179476K [0x0000000080000000, 0x0000000100000000)
  region size 1024K, 10 young (10240K), 10 survivors (10240K)
 Metaspace       used 122411K, committed 124672K, reserved 1179648K
  class space    used 16872K, committed 17984K, reserved 1048576K
}
Event: 21.029 GC heap before
{Heap before GC invocations=55 (full 0):
 garbage-first heap   total 416768K, used 348436K [0x0000000080000000, 0x0000000100000000)
  region size 1024K, 175 young (179200K), 10 survivors (10240K)
 Metaspace       used 124108K, committed 126336K, reserved 1179648K
  class space    used 17163K, committed 18240K, reserved 1048576K
}
Event: 21.062 GC heap after
{Heap after GC invocations=56 (full 0):
 garbage-first heap   total 416768K, used 212459K [0x0000000080000000, 0x0000000100000000)
  region size 1024K, 22 young (22528K), 22 survivors (22528K)
 Metaspace       used 124108K, committed 126336K, reserved 1179648K
  class space    used 17163K, committed 18240K, reserved 1048576K
}
Event: 22.092 GC heap before
{Heap before GC invocations=56 (full 0):
 garbage-first heap   total 416768K, used 342507K [0x0000000080000000, 0x0000000100000000)
  region size 1024K, 149 young (152576K), 22 survivors (22528K)
 Metaspace       used 128706K, committed 130944K, reserved 1179648K
  class space    used 17803K, committed 18880K, reserved 1048576K
}
Event: 22.113 GC heap after
{Heap after GC invocations=57 (full 0):
 garbage-first heap   total 416768K, used 219551K [0x0000000080000000, 0x0000000100000000)
  region size 1024K, 5 young (5120K), 5 survivors (5120K)
 Metaspace       used 128706K, committed 130944K, reserved 1179648K
  class space    used 17803K, committed 18880K, reserved 1048576K
}
Event: 22.593 GC heap before
{Heap before GC invocations=57 (full 0):
 garbage-first heap   total 416768K, used 355743K [0x0000000080000000, 0x0000000100000000)
  region size 1024K, 138 young (141312K), 5 survivors (5120K)
 Metaspace       used 129246K, committed 131520K, reserved 1179648K
  class space    used 17842K, committed 18944K, reserved 1048576K
}
Event: 22.599 GC heap after
{Heap after GC invocations=58 (full 0):
 garbage-first heap   total 416768K, used 219269K [0x0000000080000000, 0x0000000100000000)
  region size 1024K, 5 young (5120K), 5 survivors (5120K)
 Metaspace       used 129246K, committed 131520K, reserved 1179648K
  class space    used 17842K, committed 18944K, reserved 1048576K
}
Event: 23.248 GC heap before
{Heap before GC invocations=59 (full 0):
 garbage-first heap   total 416768K, used 367749K [0x0000000080000000, 0x0000000100000000)
  region size 1024K, 150 young (153600K), 5 survivors (5120K)
 Metaspace       used 129579K, committed 131840K, reserved 1179648K
  class space    used 17845K, committed 18944K, reserved 1048576K
}
Event: 23.254 GC heap after
{Heap after GC invocations=60 (full 0):
 garbage-first heap   total 416768K, used 218863K [0x0000000080000000, 0x0000000100000000)
  region size 1024K, 5 young (5120K), 5 survivors (5120K)
 Metaspace       used 129579K, committed 131840K, reserved 1179648K
  class space    used 17845K, committed 18944K, reserved 1048576K
}
Event: 23.557 GC heap before
{Heap before GC invocations=60 (full 0):
 garbage-first heap   total 416768K, used 374511K [0x0000000080000000, 0x0000000100000000)
  region size 1024K, 158 young (161792K), 5 survivors (5120K)
 Metaspace       used 129705K, committed 131904K, reserved 1179648K
  class space    used 17846K, committed 18944K, reserved 1048576K
}
Event: 23.564 GC heap after
{Heap after GC invocations=61 (full 0):
 garbage-first heap   total 416768K, used 214633K [0x0000000080000000, 0x0000000100000000)
  region size 1024K, 5 young (5120K), 5 survivors (5120K)
 Metaspace       used 129705K, committed 131904K, reserved 1179648K
  class space    used 17846K, committed 18944K, reserved 1048576K
}
Event: 23.859 GC heap before
{Heap before GC invocations=61 (full 0):
 garbage-first heap   total 416768K, used 381545K [0x0000000080000000, 0x0000000100000000)
  region size 1024K, 168 young (172032K), 5 survivors (5120K)
 Metaspace       used 129772K, committed 131968K, reserved 1179648K
  class space    used 17850K, committed 18944K, reserved 1048576K
}
Event: 23.866 GC heap after
{Heap after GC invocations=62 (full 0):
 garbage-first heap   total 416768K, used 215344K [0x0000000080000000, 0x0000000100000000)
  region size 1024K, 6 young (6144K), 6 survivors (6144K)
 Metaspace       used 129772K, committed 131968K, reserved 1179648K
  class space    used 17850K, committed 18944K, reserved 1048576K
}
Event: 24.425 GC heap before
{Heap before GC invocations=63 (full 0):
 garbage-first heap   total 416768K, used 387376K [0x0000000080000000, 0x0000000100000000)
  region size 1024K, 174 young (178176K), 6 survivors (6144K)
 Metaspace       used 129883K, committed 132096K, reserved 1179648K
  class space    used 17862K, committed 18944K, reserved 1048576K
}
Event: 24.433 GC heap after
{Heap after GC invocations=64 (full 0):
 garbage-first heap   total 416768K, used 215856K [0x0000000080000000, 0x0000000100000000)
  region size 1024K, 6 young (6144K), 6 survivors (6144K)
 Metaspace       used 129883K, committed 132096K, reserved 1179648K
  class space    used 17862K, committed 18944K, reserved 1048576K
}
Event: 24.752 GC heap before
{Heap before GC invocations=64 (full 0):
 garbage-first heap   total 416768K, used 387888K [0x0000000080000000, 0x0000000100000000)
  region size 1024K, 175 young (179200K), 6 survivors (6144K)
 Metaspace       used 129945K, committed 132160K, reserved 1179648K
  class space    used 17866K, committed 18944K, reserved 1048576K
}

