# JRE version: OpenJDK Runtime Environment Microsoft-11926163 (17.0.16+8) (build 17.0.16+8-LTS)
# Java VM: OpenJDK 64-Bit Server VM Microsoft-11926163 (17.0.16+8-LTS, mixed mode, sharing, tiered, compressed oops, compressed class ptrs, g1 gc, windows-amd64)
GC Precious Log:
 CPUs: 8 total, 8 available
 Memory: 12022M
 Large Page Support: Disabled
 NUMA Support: Disabled
 Compressed Oops: Enabled (32-bit)
 Heap Region Size: 1M
 Heap Min Capacity: 8M
 Heap Initial Capacity: 188M
 Heap Max Capacity: 2G
 Pre-touch: Disabled
 Parallel Workers: 8
 Concurrent Workers: 2
 Concurrent Refinement Workers: 8
 Periodic GC: Disabled
Heap:
 garbage-first heap   total 221184K, used 178469K [0x0000000080000000, 0x0000000100000000)
  region size 1024K, 27 young (27648K), 5 survivors (5120K)
 Metaspace       used 100669K, committed 101760K, reserved 1179648K
  class space    used 13247K, committed 13760K, reserved 1048576K
GC Heap History (20 events):
Event: 1448.761 GC heap before
{Heap before GC invocations=53 (full 0):
 garbage-first heap   total 184320K, used 156375K [0x0000000080000000, 0x0000000100000000)
  region size 1024K, 28 young (28672K), 4 survivors (4096K)
 Metaspace       used 99635K, committed 100672K, reserved 1179648K
  class space    used 13188K, committed 13696K, reserved 1048576K
}
Event: 1448.776 GC heap after
{Heap after GC invocations=54 (full 0):
 garbage-first heap   total 184320K, used 136844K [0x0000000080000000, 0x0000000100000000)
  region size 1024K, 4 young (4096K), 4 survivors (4096K)
 Metaspace       used 99635K, committed 100672K, reserved 1179648K
  class space    used 13188K, committed 13696K, reserved 1048576K
}
Event: 1449.233 GC heap before
{Heap before GC invocations=54 (full 0):
 garbage-first heap   total 184320K, used 156300K [0x0000000080000000, 0x0000000100000000)
  region size 1024K, 24 young (24576K), 4 survivors (4096K)
 Metaspace       used 99722K, committed 100800K, reserved 1179648K
  class space    used 13193K, committed 13696K, reserved 1048576K
}
Event: 1449.242 GC heap after
{Heap after GC invocations=55 (full 0):
 garbage-first heap   total 184320K, used 138720K [0x0000000080000000, 0x0000000100000000)
  region size 1024K, 3 young (3072K), 3 survivors (3072K)
 Metaspace       used 99722K, committed 100800K, reserved 1179648K
  class space    used 13193K, committed 13696K, reserved 1048576K
}
Event: 1449.685 GC heap before
{Heap before GC invocations=55 (full 0):
 garbage-first heap   total 184320K, used 157152K [0x0000000080000000, 0x0000000100000000)
  region size 1024K, 21 young (21504K), 3 survivors (3072K)
 Metaspace       used 99821K, committed 100864K, reserved 1179648K
  class space    used 13199K, committed 13696K, reserved 1048576K
}
Event: 1449.692 GC heap after
{Heap after GC invocations=56 (full 0):
 garbage-first heap   total 184320K, used 139957K [0x0000000080000000, 0x0000000100000000)
  region size 1024K, 2 young (2048K), 2 survivors (2048K)
 Metaspace       used 99821K, committed 100864K, reserved 1179648K
  class space    used 13199K, committed 13696K, reserved 1048576K
}
Event: 2186.082 GC heap before
{Heap before GC invocations=56 (full 0):
 garbage-first heap   total 184320K, used 158389K [0x0000000080000000, 0x0000000100000000)
  region size 1024K, 20 young (20480K), 2 survivors (2048K)
 Metaspace       used 99846K, committed 100864K, reserved 1179648K
  class space    used 13199K, committed 13696K, reserved 1048576K
}
Event: 2186.096 GC heap after
{Heap after GC invocations=57 (full 0):
 garbage-first heap   total 184320K, used 139906K [0x0000000080000000, 0x0000000100000000)
  region size 1024K, 2 young (2048K), 2 survivors (2048K)
 Metaspace       used 99846K, committed 100864K, reserved 1179648K
  class space    used 13199K, committed 13696K, reserved 1048576K
}
Event: 2299.540 GC heap before
{Heap before GC invocations=57 (full 0):
 garbage-first heap   total 184320K, used 159362K [0x0000000080000000, 0x0000000100000000)
  region size 1024K, 21 young (21504K), 2 survivors (2048K)
 Metaspace       used 99931K, committed 100928K, reserved 1179648K
  class space    used 13204K, committed 13696K, reserved 1048576K
}
Event: 2299.552 GC heap after
{Heap after GC invocations=58 (full 0):
 garbage-first heap   total 184320K, used 142702K [0x0000000080000000, 0x0000000100000000)
  region size 1024K, 3 young (3072K), 3 survivors (3072K)
 Metaspace       used 99931K, committed 100928K, reserved 1179648K
  class space    used 13204K, committed 13696K, reserved 1048576K
}
Event: 2299.742 GC heap before
{Heap before GC invocations=58 (full 0):
 garbage-first heap   total 184320K, used 158062K [0x0000000080000000, 0x0000000100000000)
  region size 1024K, 19 young (19456K), 3 survivors (3072K)
 Metaspace       used 99972K, committed 100992K, reserved 1179648K
  class space    used 13206K, committed 13696K, reserved 1048576K
}
Event: 2299.751 GC heap after
{Heap after GC invocations=59 (full 0):
 garbage-first heap   total 184320K, used 144559K [0x0000000080000000, 0x0000000100000000)
  region size 1024K, 2 young (2048K), 2 survivors (2048K)
 Metaspace       used 99972K, committed 100992K, reserved 1179648K
  class space    used 13206K, committed 13696K, reserved 1048576K
}
Event: 2300.210 GC heap before
{Heap before GC invocations=59 (full 0):
 garbage-first heap   total 184320K, used 159919K [0x0000000080000000, 0x0000000100000000)
  region size 1024K, 17 young (17408K), 2 survivors (2048K)
 Metaspace       used 100134K, committed 101120K, reserved 1179648K
  class space    used 13212K, committed 13696K, reserved 1048576K
}
Event: 2300.219 GC heap after
{Heap after GC invocations=60 (full 0):
 garbage-first heap   total 221184K, used 147209K [0x0000000080000000, 0x0000000100000000)
  region size 1024K, 3 young (3072K), 3 survivors (3072K)
 Metaspace       used 100134K, committed 101120K, reserved 1179648K
  class space    used 13212K, committed 13696K, reserved 1048576K
}
Event: 2301.205 GC heap before
{Heap before GC invocations=60 (full 0):
 garbage-first heap   total 221184K, used 184073K [0x0000000080000000, 0x0000000100000000)
  region size 1024K, 40 young (40960K), 3 survivors (3072K)
 Metaspace       used 100350K, committed 101504K, reserved 1179648K
  class space    used 13246K, committed 13760K, reserved 1048576K
}
Event: 2301.215 GC heap after
{Heap after GC invocations=61 (full 0):
 garbage-first heap   total 221184K, used 150494K [0x0000000080000000, 0x0000000100000000)
  region size 1024K, 5 young (5120K), 5 survivors (5120K)
 Metaspace       used 100350K, committed 101504K, reserved 1179648K
  class space    used 13246K, committed 13760K, reserved 1048576K
}
Event: 3549.597 GC heap before
{Heap before GC invocations=61 (full 0):
 garbage-first heap   total 221184K, used 186334K [0x0000000080000000, 0x0000000100000000)
  region size 1024K, 40 young (40960K), 5 survivors (5120K)
 Metaspace       used 100451K, committed 101568K, reserved 1179648K
  class space    used 13247K, committed 13760K, reserved 1048576K
}
Event: 3549.622 GC heap after
{Heap after GC invocations=62 (full 0):
 garbage-first heap   total 221184K, used 152167K [0x0000000080000000, 0x0000000100000000)
  region size 1024K, 2 young (2048K), 2 survivors (2048K)
 Metaspace       used 100451K, committed 101568K, reserved 1179648K
  class space    used 13247K, committed 13760K, reserved 1048576K
}
Event: 3551.017 GC heap before
{Heap before GC invocations=62 (full 0):
 garbage-first heap   total 221184K, used 186983K [0x0000000080000000, 0x0000000100000000)
  region size 1024K, 37 young (37888K), 2 survivors (2048K)
 Metaspace       used 100605K, committed 101696K, reserved 1179648K
  class space    used 13247K, committed 13760K, reserved 1048576K
}
Event: 3551.026 GC heap after
{Heap after GC invocations=63 (full 0):
 garbage-first heap   total 221184K, used 156965K [0x0000000080000000, 0x0000000100000000)
  region size 1024K, 5 young (5120K), 5 survivors (5120K)
 Metaspace       used 100605K, committed 101696K, reserved 1179648K
  class space    used 13247K, committed 13760K, reserved 1048576K
}

