# JRE version: OpenJDK Runtime Environment Microsoft-11926163 (17.0.16+8) (build 17.0.16+8-LTS)
# Java VM: OpenJDK 64-Bit Server VM Microsoft-11926163 (17.0.16+8-LTS, mixed mode, sharing, tiered, compressed oops, compressed class ptrs, g1 gc, windows-amd64)
GC Precious Log:
 CPUs: 8 total, 8 available
 Memory: 12022M
 Large Page Support: Disabled
 NUMA Support: Disabled
 Compressed Oops: Enabled (32-bit)
 Heap Region Size: 1M
 Heap Min Capacity: 8M
 Heap Initial Capacity: 188M
 Heap Max Capacity: 2G
 Pre-touch: Disabled
 Parallel Workers: 8
 Concurrent Workers: 2
 Concurrent Refinement Workers: 8
 Periodic GC: Disabled
Heap:
 garbage-first heap   total 226304K, used 175826K [0x0000000080000000, 0x0000000100000000)
  region size 1024K, 19 young (19456K), 5 survivors (5120K)
 Metaspace       used 107226K, committed 108288K, reserved 1179648K
  class space    used 14249K, committed 14784K, reserved 1048576K
GC Heap History (20 events):
Event: 113.216 GC heap before
{Heap before GC invocations=32 (full 0):
 garbage-first heap   total 188416K, used 160730K [0x0000000080000000, 0x0000000100000000)
  region size 1024K, 16 young (16384K), 1 survivors (1024K)
 Metaspace       used 91592K, committed 92544K, reserved 1179648K
  class space    used 12249K, committed 12672K, reserved 1048576K
}
Event: 113.220 GC heap after
{Heap after GC invocations=33 (full 0):
 garbage-first heap   total 188416K, used 147649K [0x0000000080000000, 0x0000000100000000)
  region size 1024K, 2 young (2048K), 2 survivors (2048K)
 Metaspace       used 91592K, committed 92544K, reserved 1179648K
  class space    used 12249K, committed 12672K, reserved 1048576K
}
Event: 113.605 GC heap before
{Heap before GC invocations=33 (full 0):
 garbage-first heap   total 188416K, used 160961K [0x0000000080000000, 0x0000000100000000)
  region size 1024K, 16 young (16384K), 2 survivors (2048K)
 Metaspace       used 91916K, committed 92864K, reserved 1179648K
  class space    used 12291K, committed 12736K, reserved 1048576K
}
Event: 113.609 GC heap after
{Heap after GC invocations=34 (full 0):
 garbage-first heap   total 188416K, used 149403K [0x0000000080000000, 0x0000000100000000)
  region size 1024K, 2 young (2048K), 2 survivors (2048K)
 Metaspace       used 91916K, committed 92864K, reserved 1179648K
  class space    used 12291K, committed 12736K, reserved 1048576K
}
Event: 113.884 GC heap before
{Heap before GC invocations=34 (full 0):
 garbage-first heap   total 188416K, used 162715K [0x0000000080000000, 0x0000000100000000)
  region size 1024K, 14 young (14336K), 2 survivors (2048K)
 Metaspace       used 93194K, committed 94208K, reserved 1179648K
  class space    used 12456K, committed 12928K, reserved 1048576K
}
Event: 113.887 GC heap after
{Heap after GC invocations=35 (full 0):
 garbage-first heap   total 188416K, used 153071K [0x0000000080000000, 0x0000000100000000)
  region size 1024K, 2 young (2048K), 2 survivors (2048K)
 Metaspace       used 93194K, committed 94208K, reserved 1179648K
  class space    used 12456K, committed 12928K, reserved 1048576K
}
Event: 114.019 GC heap before
{Heap before GC invocations=35 (full 0):
 garbage-first heap   total 188416K, used 162287K [0x0000000080000000, 0x0000000100000000)
  region size 1024K, 12 young (12288K), 2 survivors (2048K)
 Metaspace       used 94656K, committed 95616K, reserved 1179648K
  class space    used 12615K, committed 13056K, reserved 1048576K
}
Event: 114.022 GC heap after
{Heap after GC invocations=36 (full 0):
 garbage-first heap   total 188416K, used 153453K [0x0000000080000000, 0x0000000100000000)
  region size 1024K, 1 young (1024K), 1 survivors (1024K)
 Metaspace       used 94656K, committed 95616K, reserved 1179648K
  class space    used 12615K, committed 13056K, reserved 1048576K
}
Event: 114.216 GC heap before
{Heap before GC invocations=36 (full 0):
 garbage-first heap   total 188416K, used 164717K [0x0000000080000000, 0x0000000100000000)
  region size 1024K, 11 young (11264K), 1 survivors (1024K)
 Metaspace       used 96563K, committed 97600K, reserved 1179648K
  class space    used 12803K, committed 13312K, reserved 1048576K
}
Event: 114.219 GC heap after
{Heap after GC invocations=37 (full 0):
 garbage-first heap   total 188416K, used 153803K [0x0000000080000000, 0x0000000100000000)
  region size 1024K, 1 young (1024K), 1 survivors (1024K)
 Metaspace       used 96563K, committed 97600K, reserved 1179648K
  class space    used 12803K, committed 13312K, reserved 1048576K
}
Event: 114.447 GC heap before
{Heap before GC invocations=37 (full 0):
 garbage-first heap   total 188416K, used 163019K [0x0000000080000000, 0x0000000100000000)
  region size 1024K, 11 young (11264K), 1 survivors (1024K)
 Metaspace       used 98003K, committed 99008K, reserved 1179648K
  class space    used 12994K, committed 13440K, reserved 1048576K
}
Event: 114.449 GC heap after
{Heap after GC invocations=38 (full 0):
 garbage-first heap   total 226304K, used 154085K [0x0000000080000000, 0x0000000100000000)
  region size 1024K, 2 young (2048K), 2 survivors (2048K)
 Metaspace       used 98003K, committed 99008K, reserved 1179648K
  class space    used 12994K, committed 13440K, reserved 1048576K
}
Event: 115.475 GC heap before
{Heap before GC invocations=38 (full 0):
 garbage-first heap   total 226304K, used 189925K [0x0000000080000000, 0x0000000100000000)
  region size 1024K, 37 young (37888K), 2 survivors (2048K)
 Metaspace       used 100422K, committed 101504K, reserved 1179648K
  class space    used 13426K, committed 13952K, reserved 1048576K
}
Event: 115.481 GC heap after
{Heap after GC invocations=39 (full 0):
 garbage-first heap   total 226304K, used 155394K [0x0000000080000000, 0x0000000100000000)
  region size 1024K, 3 young (3072K), 3 survivors (3072K)
 Metaspace       used 100422K, committed 101504K, reserved 1179648K
  class space    used 13426K, committed 13952K, reserved 1048576K
}
Event: 116.264 GC heap before
{Heap before GC invocations=39 (full 0):
 garbage-first heap   total 226304K, used 191234K [0x0000000080000000, 0x0000000100000000)
  region size 1024K, 38 young (38912K), 3 survivors (3072K)
 Metaspace       used 103712K, committed 104768K, reserved 1179648K
  class space    used 13856K, committed 14336K, reserved 1048576K
}
Event: 116.270 GC heap after
{Heap after GC invocations=40 (full 0):
 garbage-first heap   total 226304K, used 157164K [0x0000000080000000, 0x0000000100000000)
  region size 1024K, 5 young (5120K), 5 survivors (5120K)
 Metaspace       used 103712K, committed 104768K, reserved 1179648K
  class space    used 13856K, committed 14336K, reserved 1048576K
}
Event: 117.984 GC heap before
{Heap before GC invocations=40 (full 0):
 garbage-first heap   total 226304K, used 193004K [0x0000000080000000, 0x0000000100000000)
  region size 1024K, 40 young (40960K), 5 survivors (5120K)
 Metaspace       used 107061K, committed 108160K, reserved 1179648K
  class space    used 14237K, committed 14784K, reserved 1048576K
}
Event: 117.993 GC heap after
{Heap after GC invocations=41 (full 0):
 garbage-first heap   total 226304K, used 159780K [0x0000000080000000, 0x0000000100000000)
  region size 1024K, 5 young (5120K), 5 survivors (5120K)
 Metaspace       used 107061K, committed 108160K, reserved 1179648K
  class space    used 14237K, committed 14784K, reserved 1048576K
}
Event: 118.689 GC heap before
{Heap before GC invocations=41 (full 0):
 garbage-first heap   total 226304K, used 193572K [0x0000000080000000, 0x0000000100000000)
  region size 1024K, 38 young (38912K), 5 survivors (5120K)
 Metaspace       used 107226K, committed 108288K, reserved 1179648K
  class space    used 14249K, committed 14784K, reserved 1048576K
}
Event: 118.696 GC heap after
{Heap after GC invocations=42 (full 0):
 garbage-first heap   total 226304K, used 162514K [0x0000000080000000, 0x0000000100000000)
  region size 1024K, 5 young (5120K), 5 survivors (5120K)
 Metaspace       used 107226K, committed 108288K, reserved 1179648K
  class space    used 14249K, committed 14784K, reserved 1048576K
}

