# JRE version: OpenJDK Runtime Environment Microsoft-11926163 (17.0.16+8) (build 17.0.16+8-LTS)
# Java VM: OpenJDK 64-Bit Server VM Microsoft-11926163 (17.0.16+8-LTS, mixed mode, sharing, tiered, compressed oops, compressed class ptrs, g1 gc, windows-amd64)
GC Precious Log:
 CPUs: 8 total, 8 available
 Memory: 12022M
 Large Page Support: Disabled
 NUMA Support: Disabled
 Compressed Oops: Enabled (32-bit)
 Heap Region Size: 1M
 Heap Min Capacity: 8M
 Heap Initial Capacity: 188M
 Heap Max Capacity: 2G
 Pre-touch: Disabled
 Parallel Workers: 8
 Concurrent Workers: 2
 Concurrent Refinement Workers: 8
 Periodic GC: Disabled
Heap:
 garbage-first heap   total 458752K, used 242434K [0x0000000080000000, 0x0000000100000000)
  region size 1024K, 10 young (10240K), 10 survivors (10240K)
 Metaspace       used 127987K, committed 129088K, reserved 1179648K
  class space    used 17202K, committed 17728K, reserved 1048576K
GC Heap History (20 events):
Event: 60.639 GC heap after
{Heap after GC invocations=64 (full 0):
 garbage-first heap   total 458752K, used 238091K [0x0000000080000000, 0x0000000100000000)
  region size 1024K, 6 young (6144K), 6 survivors (6144K)
 Metaspace       used 127226K, committed 128320K, reserved 1179648K
  class space    used 17158K, committed 17664K, reserved 1048576K
}
Event: 61.027 GC heap before
{Heap before GC invocations=64 (full 0):
 garbage-first heap   total 458752K, used 383499K [0x0000000080000000, 0x0000000100000000)
  region size 1024K, 148 young (151552K), 6 survivors (6144K)
 Metaspace       used 127535K, committed 128576K, reserved 1179648K
  class space    used 17167K, committed 17664K, reserved 1048576K
}
Event: 61.037 GC heap after
{Heap after GC invocations=65 (full 0):
 garbage-first heap   total 458752K, used 236203K [0x0000000080000000, 0x0000000100000000)
  region size 1024K, 4 young (4096K), 4 survivors (4096K)
 Metaspace       used 127535K, committed 128576K, reserved 1179648K
  class space    used 17167K, committed 17664K, reserved 1048576K
}
Event: 61.403 GC heap before
{Heap before GC invocations=65 (full 0):
 garbage-first heap   total 458752K, used 388779K [0x0000000080000000, 0x0000000100000000)
  region size 1024K, 153 young (156672K), 4 survivors (4096K)
 Metaspace       used 127674K, committed 128704K, reserved 1179648K
  class space    used 17170K, committed 17664K, reserved 1048576K
}
Event: 61.416 GC heap after
{Heap after GC invocations=66 (full 0):
 garbage-first heap   total 458752K, used 236707K [0x0000000080000000, 0x0000000100000000)
  region size 1024K, 5 young (5120K), 5 survivors (5120K)
 Metaspace       used 127674K, committed 128704K, reserved 1179648K
  class space    used 17170K, committed 17664K, reserved 1048576K
}
Event: 61.896 GC heap before
{Heap before GC invocations=66 (full 0):
 garbage-first heap   total 458752K, used 392355K [0x0000000080000000, 0x0000000100000000)
  region size 1024K, 157 young (160768K), 5 survivors (5120K)
 Metaspace       used 127745K, committed 128768K, reserved 1179648K
  class space    used 17177K, committed 17664K, reserved 1048576K
}
Event: 61.905 GC heap after
{Heap after GC invocations=67 (full 0):
 garbage-first heap   total 458752K, used 237557K [0x0000000080000000, 0x0000000100000000)
  region size 1024K, 6 young (6144K), 6 survivors (6144K)
 Metaspace       used 127745K, committed 128768K, reserved 1179648K
  class space    used 17177K, committed 17664K, reserved 1048576K
}
Event: 62.255 GC heap before
{Heap before GC invocations=67 (full 0):
 garbage-first heap   total 458752K, used 395253K [0x0000000080000000, 0x0000000100000000)
  region size 1024K, 160 young (163840K), 6 survivors (6144K)
 Metaspace       used 127778K, committed 128832K, reserved 1179648K
  class space    used 17177K, committed 17664K, reserved 1048576K
}
Event: 62.264 GC heap after
{Heap after GC invocations=68 (full 0):
 garbage-first heap   total 458752K, used 237911K [0x0000000080000000, 0x0000000100000000)
  region size 1024K, 6 young (6144K), 6 survivors (6144K)
 Metaspace       used 127778K, committed 128832K, reserved 1179648K
  class space    used 17177K, committed 17664K, reserved 1048576K
}
Event: 62.744 GC heap before
{Heap before GC invocations=68 (full 0):
 garbage-first heap   total 458752K, used 398679K [0x0000000080000000, 0x0000000100000000)
  region size 1024K, 163 young (166912K), 6 survivors (6144K)
 Metaspace       used 127817K, committed 128832K, reserved 1179648K
  class space    used 17180K, committed 17664K, reserved 1048576K
}
Event: 62.754 GC heap after
{Heap after GC invocations=69 (full 0):
 garbage-first heap   total 458752K, used 238730K [0x0000000080000000, 0x0000000100000000)
  region size 1024K, 7 young (7168K), 7 survivors (7168K)
 Metaspace       used 127817K, committed 128832K, reserved 1179648K
  class space    used 17180K, committed 17664K, reserved 1048576K
}
Event: 63.052 GC heap before
{Heap before GC invocations=69 (full 0):
 garbage-first heap   total 458752K, used 399498K [0x0000000080000000, 0x0000000100000000)
  region size 1024K, 165 young (168960K), 7 survivors (7168K)
 Metaspace       used 127898K, committed 128960K, reserved 1179648K
  class space    used 17195K, committed 17728K, reserved 1048576K
}
Event: 63.065 GC heap after
{Heap after GC invocations=70 (full 0):
 garbage-first heap   total 458752K, used 239474K [0x0000000080000000, 0x0000000100000000)
  region size 1024K, 7 young (7168K), 7 survivors (7168K)
 Metaspace       used 127898K, committed 128960K, reserved 1179648K
  class space    used 17195K, committed 17728K, reserved 1048576K
}
Event: 63.368 GC heap before
{Heap before GC invocations=70 (full 0):
 garbage-first heap   total 458752K, used 403314K [0x0000000080000000, 0x0000000100000000)
  region size 1024K, 167 young (171008K), 7 survivors (7168K)
 Metaspace       used 127922K, committed 129024K, reserved 1179648K
  class space    used 17195K, committed 17728K, reserved 1048576K
}
Event: 63.380 GC heap after
{Heap after GC invocations=71 (full 0):
 garbage-first heap   total 458752K, used 240284K [0x0000000080000000, 0x0000000100000000)
  region size 1024K, 8 young (8192K), 8 survivors (8192K)
 Metaspace       used 127922K, committed 129024K, reserved 1179648K
  class space    used 17195K, committed 17728K, reserved 1048576K
}
Event: 63.628 GC heap before
{Heap before GC invocations=71 (full 0):
 garbage-first heap   total 458752K, used 404124K [0x0000000080000000, 0x0000000100000000)
  region size 1024K, 168 young (172032K), 8 survivors (8192K)
 Metaspace       used 127944K, committed 129024K, reserved 1179648K
  class space    used 17198K, committed 17728K, reserved 1048576K
}
Event: 63.641 GC heap after
{Heap after GC invocations=72 (full 0):
 garbage-first heap   total 458752K, used 241051K [0x0000000080000000, 0x0000000100000000)
  region size 1024K, 9 young (9216K), 9 survivors (9216K)
 Metaspace       used 127944K, committed 129024K, reserved 1179648K
  class space    used 17198K, committed 17728K, reserved 1048576K
}
Event: 63.930 GC heap before
{Heap before GC invocations=72 (full 0):
 garbage-first heap   total 458752K, used 401819K [0x0000000080000000, 0x0000000100000000)
  region size 1024K, 167 young (171008K), 9 survivors (9216K)
 Metaspace       used 127967K, committed 129024K, reserved 1179648K
  class space    used 17200K, committed 17728K, reserved 1048576K
}
Event: 63.943 GC heap after
{Heap after GC invocations=73 (full 0):
 garbage-first heap   total 458752K, used 242335K [0x0000000080000000, 0x0000000100000000)
  region size 1024K, 10 young (10240K), 10 survivors (10240K)
 Metaspace       used 127967K, committed 129024K, reserved 1179648K
  class space    used 17200K, committed 17728K, reserved 1048576K
}
Event: 64.242 GC heap before
{Heap before GC invocations=73 (full 0):
 garbage-first heap   total 458752K, used 401055K [0x0000000080000000, 0x0000000100000000)
  region size 1024K, 166 young (169984K), 10 survivors (10240K)
 Metaspace       used 127987K, committed 129088K, reserved 1179648K
  class space    used 17202K, committed 17728K, reserved 1048576K
}

