# JRE version: OpenJDK Runtime Environment (21.0.7) (build 21.0.7+-13880790-b1038.58)
# Java VM: OpenJDK 64-Bit Server VM (21.0.7+-13880790-b1038.58, mixed mode, tiered, compressed oops, compressed class ptrs, g1 gc, windows-amd64)
GC Precious Log:
 CardTable entry size: 512
 Card Set container configuration: InlinePtr #cards 5 size 8 Array Of Cards #cards 12 size 40 Howl #buckets 4 coarsen threshold 1843 Howl Bitmap #cards 512 size 80 coarsen threshold 460 Card regions per heap region 1 cards per card region 2048
 CPUs: 8 total, 8 available
 Memory: 12022M
 Large Page Support: Disabled
 NUMA Support: Disabled
 Compressed Oops: Enabled (32-bit)
 Heap Region Size: 1M
 Heap Min Capacity: 8M
 Heap Initial Capacity: 188M
 Heap Max Capacity: 2G
 Pre-touch: Disabled
 Parallel Workers: 8
 Concurrent Workers: 2
 Concurrent Refinement Workers: 8
 Periodic GC: Disabled
Heap:
 garbage-first heap   total 314368K, used 254976K [0x0000000080000000, 0x0000000100000000)
  region size 1024K, 32 young (32768K), 10 survivors (10240K)
 Metaspace       used 137742K, committed 139968K, reserved 1179648K
  class space    used 18638K, committed 19712K, reserved 1048576K
GC Heap History (20 events):
Event: 60.891 GC heap before
{Heap before GC invocations=78 (full 0):
 garbage-first heap   total 260096K, used 239254K [0x0000000080000000, 0x0000000100000000)
  region size 1024K, 93 young (95232K), 6 survivors (6144K)
 Metaspace       used 131262K, committed 133440K, reserved 1179648K
  class space    used 17862K, committed 18880K, reserved 1048576K
}
Event: 60.898 GC heap after
{Heap after GC invocations=79 (full 0):
 garbage-first heap   total 260096K, used 150960K [0x0000000080000000, 0x0000000100000000)
  region size 1024K, 7 young (7168K), 7 survivors (7168K)
 Metaspace       used 131262K, committed 133440K, reserved 1179648K
  class space    used 17862K, committed 18880K, reserved 1048576K
}
Event: 61.833 GC heap before
{Heap before GC invocations=80 (full 0):
 garbage-first heap   total 260096K, used 238000K [0x0000000080000000, 0x0000000100000000)
  region size 1024K, 92 young (94208K), 7 survivors (7168K)
 Metaspace       used 131263K, committed 133440K, reserved 1179648K
  class space    used 17862K, committed 18880K, reserved 1048576K
}
Event: 61.842 GC heap after
{Heap after GC invocations=81 (full 0):
 garbage-first heap   total 260096K, used 151163K [0x0000000080000000, 0x0000000100000000)
  region size 1024K, 7 young (7168K), 7 survivors (7168K)
 Metaspace       used 131263K, committed 133440K, reserved 1179648K
  class space    used 17862K, committed 18880K, reserved 1048576K
}
Event: 62.599 GC heap before
{Heap before GC invocations=81 (full 0):
 garbage-first heap   total 260096K, used 237179K [0x0000000080000000, 0x0000000100000000)
  region size 1024K, 91 young (93184K), 7 survivors (7168K)
 Metaspace       used 131267K, committed 133440K, reserved 1179648K
  class space    used 17862K, committed 18880K, reserved 1048576K
}
Event: 62.607 GC heap after
{Heap after GC invocations=82 (full 0):
 garbage-first heap   total 260096K, used 148950K [0x0000000080000000, 0x0000000100000000)
  region size 1024K, 7 young (7168K), 7 survivors (7168K)
 Metaspace       used 131267K, committed 133440K, reserved 1179648K
  class space    used 17862K, committed 18880K, reserved 1048576K
}
Event: 63.061 GC heap before
{Heap before GC invocations=82 (full 0):
 garbage-first heap   total 260096K, used 237014K [0x0000000080000000, 0x0000000100000000)
  region size 1024K, 93 young (95232K), 7 survivors (7168K)
 Metaspace       used 131267K, committed 133440K, reserved 1179648K
  class space    used 17862K, committed 18880K, reserved 1048576K
}
Event: 63.068 GC heap after
{Heap after GC invocations=83 (full 0):
 garbage-first heap   total 260096K, used 149764K [0x0000000080000000, 0x0000000100000000)
  region size 1024K, 7 young (7168K), 7 survivors (7168K)
 Metaspace       used 131267K, committed 133440K, reserved 1179648K
  class space    used 17862K, committed 18880K, reserved 1048576K
}
Event: 63.502 GC heap before
{Heap before GC invocations=84 (full 0):
 garbage-first heap   total 260096K, used 237828K [0x0000000080000000, 0x0000000100000000)
  region size 1024K, 93 young (95232K), 7 survivors (7168K)
 Metaspace       used 131273K, committed 133440K, reserved 1179648K
  class space    used 17862K, committed 18880K, reserved 1048576K
}
Event: 63.509 GC heap after
{Heap after GC invocations=85 (full 0):
 garbage-first heap   total 260096K, used 149807K [0x0000000080000000, 0x0000000100000000)
  region size 1024K, 7 young (7168K), 7 survivors (7168K)
 Metaspace       used 131273K, committed 133440K, reserved 1179648K
  class space    used 17862K, committed 18880K, reserved 1048576K
}
Event: 64.336 GC heap before
{Heap before GC invocations=85 (full 0):
 garbage-first heap   total 260096K, used 236847K [0x0000000080000000, 0x0000000100000000)
  region size 1024K, 92 young (94208K), 7 survivors (7168K)
 Metaspace       used 132721K, committed 134912K, reserved 1179648K
  class space    used 18090K, committed 19136K, reserved 1048576K
}
Event: 64.344 GC heap after
{Heap after GC invocations=86 (full 0):
 garbage-first heap   total 260096K, used 148429K [0x0000000080000000, 0x0000000100000000)
  region size 1024K, 8 young (8192K), 8 survivors (8192K)
 Metaspace       used 132721K, committed 134912K, reserved 1179648K
  class space    used 18090K, committed 19136K, reserved 1048576K
}
Event: 65.819 GC heap before
{Heap before GC invocations=86 (full 0):
 garbage-first heap   total 260096K, used 194509K [0x0000000080000000, 0x0000000100000000)
  region size 1024K, 54 young (55296K), 8 survivors (8192K)
 Metaspace       used 133580K, committed 135744K, reserved 1179648K
  class space    used 18185K, committed 19200K, reserved 1048576K
}
Event: 65.831 GC heap after
{Heap after GC invocations=87 (full 0):
 garbage-first heap   total 260096K, used 154208K [0x0000000080000000, 0x0000000100000000)
  region size 1024K, 12 young (12288K), 12 survivors (12288K)
 Metaspace       used 133580K, committed 135744K, reserved 1179648K
  class space    used 18185K, committed 19200K, reserved 1048576K
}
Event: 67.810 GC heap before
{Heap before GC invocations=88 (full 0):
 garbage-first heap   total 271360K, used 269920K [0x0000000080000000, 0x0000000100000000)
  region size 1024K, 79 young (80896K), 12 survivors (12288K)
 Metaspace       used 136831K, committed 139072K, reserved 1179648K
  class space    used 18572K, committed 19648K, reserved 1048576K
}
Event: 67.821 GC heap after
{Heap after GC invocations=89 (full 0):
 garbage-first heap   total 286720K, used 179290K [0x0000000080000000, 0x0000000100000000)
  region size 1024K, 12 young (12288K), 12 survivors (12288K)
 Metaspace       used 136831K, committed 139072K, reserved 1179648K
  class space    used 18572K, committed 19648K, reserved 1048576K
}
Event: 68.993 GC heap before
{Heap before GC invocations=89 (full 0):
 garbage-first heap   total 286720K, used 260186K [0x0000000080000000, 0x0000000100000000)
  region size 1024K, 90 young (92160K), 12 survivors (12288K)
 Metaspace       used 137639K, committed 139904K, reserved 1179648K
  class space    used 18625K, committed 19712K, reserved 1048576K
}
Event: 69.030 GC heap after
{Heap after GC invocations=90 (full 0):
 garbage-first heap   total 302080K, used 204154K [0x0000000080000000, 0x0000000100000000)
  region size 1024K, 12 young (12288K), 12 survivors (12288K)
 Metaspace       used 137639K, committed 139904K, reserved 1179648K
  class space    used 18625K, committed 19712K, reserved 1048576K
}
Event: 69.323 GC heap before
{Heap before GC invocations=90 (full 0):
 garbage-first heap   total 302080K, used 267642K [0x0000000080000000, 0x0000000100000000)
  region size 1024K, 74 young (75776K), 12 survivors (12288K)
 Metaspace       used 137693K, committed 139904K, reserved 1179648K
  class space    used 18631K, committed 19712K, reserved 1048576K
}
Event: 70.178 GC heap after
{Heap after GC invocations=91 (full 0):
 garbage-first heap   total 314368K, used 238592K [0x0000000080000000, 0x0000000100000000)
  region size 1024K, 10 young (10240K), 10 survivors (10240K)
 Metaspace       used 137693K, committed 139904K, reserved 1179648K
  class space    used 18631K, committed 19712K, reserved 1048576K
}

