# JRE version: OpenJDK Runtime Environment (21.0.7) (build 21.0.7+-13880790-b1038.58)
# Java VM: OpenJDK 64-Bit Server VM (21.0.7+-13880790-b1038.58, mixed mode, tiered, compressed oops, compressed class ptrs, g1 gc, windows-amd64)
GC Precious Log:
 CardTable entry size: 512
 Card Set container configuration: InlinePtr #cards 5 size 8 Array Of Cards #cards 12 size 40 Howl #buckets 4 coarsen threshold 1843 Howl Bitmap #cards 512 size 80 coarsen threshold 460 Card regions per heap region 1 cards per card region 2048
 CPUs: 8 total, 8 available
 Memory: 12022M
 Large Page Support: Disabled
 NUMA Support: Disabled
 Compressed Oops: Enabled (32-bit)
 Heap Region Size: 1M
 Heap Min Capacity: 8M
 Heap Initial Capacity: 188M
 Heap Max Capacity: 2G
 Pre-touch: Disabled
 Parallel Workers: 8
 Concurrent Workers: 2
 Concurrent Refinement Workers: 8
 Periodic GC: Disabled
Heap:
 garbage-first heap   total 363520K, used 216773K [0x0000000080000000, 0x0000000100000000)
  region size 1024K, 4 young (4096K), 4 survivors (4096K)
 Metaspace       used 127966K, committed 130240K, reserved 1179648K
  class space    used 17632K, committed 18752K, reserved 1048576K
GC Heap History (20 events):
Event: 20.576 GC heap after
{Heap after GC invocations=59 (full 0):
 garbage-first heap   total 245760K, used 176612K [0x0000000080000000, 0x0000000100000000)
  region size 1024K, 8 young (8192K), 8 survivors (8192K)
 Metaspace       used 118220K, committed 120448K, reserved 1179648K
  class space    used 16226K, committed 17344K, reserved 1048576K
}
Event: 20.885 GC heap before
{Heap before GC invocations=59 (full 0):
 garbage-first heap   total 245760K, used 221668K [0x0000000080000000, 0x0000000100000000)
  region size 1024K, 53 young (54272K), 8 survivors (8192K)
 Metaspace       used 120604K, committed 122752K, reserved 1179648K
  class space    used 16653K, committed 17728K, reserved 1048576K
}
Event: 20.898 GC heap after
{Heap after GC invocations=60 (full 0):
 garbage-first heap   total 350208K, used 184803K [0x0000000080000000, 0x0000000100000000)
  region size 1024K, 7 young (7168K), 7 survivors (7168K)
 Metaspace       used 120604K, committed 122752K, reserved 1179648K
  class space    used 16653K, committed 17728K, reserved 1048576K
}
Event: 21.352 GC heap before
{Heap before GC invocations=61 (full 0):
 garbage-first heap   total 350208K, used 290275K [0x0000000080000000, 0x0000000100000000)
  region size 1024K, 111 young (113664K), 7 survivors (7168K)
 Metaspace       used 120923K, committed 123136K, reserved 1179648K
  class space    used 16706K, committed 17792K, reserved 1048576K
}
Event: 21.373 GC heap after
{Heap after GC invocations=62 (full 0):
 garbage-first heap   total 350208K, used 206848K [0x0000000080000000, 0x0000000100000000)
  region size 1024K, 14 young (14336K), 14 survivors (14336K)
 Metaspace       used 120923K, committed 123136K, reserved 1179648K
  class space    used 16706K, committed 17792K, reserved 1048576K
}
Event: 21.846 GC heap before
{Heap before GC invocations=62 (full 0):
 garbage-first heap   total 350208K, used 296960K [0x0000000080000000, 0x0000000100000000)
  region size 1024K, 102 young (104448K), 14 survivors (14336K)
 Metaspace       used 125310K, committed 127488K, reserved 1179648K
  class space    used 17435K, committed 18496K, reserved 1048576K
}
Event: 21.866 GC heap after
{Heap after GC invocations=63 (full 0):
 garbage-first heap   total 350208K, used 215863K [0x0000000080000000, 0x0000000100000000)
  region size 1024K, 11 young (11264K), 11 survivors (11264K)
 Metaspace       used 125310K, committed 127488K, reserved 1179648K
  class space    used 17435K, committed 18496K, reserved 1048576K
}
Event: 22.419 GC heap before
{Heap before GC invocations=63 (full 0):
 garbage-first heap   total 350208K, used 303927K [0x0000000080000000, 0x0000000100000000)
  region size 1024K, 97 young (99328K), 11 survivors (11264K)
 Metaspace       used 126847K, committed 129088K, reserved 1179648K
  class space    used 17594K, committed 18688K, reserved 1048576K
}
Event: 22.429 GC heap after
{Heap after GC invocations=64 (full 0):
 garbage-first heap   total 350208K, used 217831K [0x0000000080000000, 0x0000000100000000)
  region size 1024K, 2 young (2048K), 2 survivors (2048K)
 Metaspace       used 126847K, committed 129088K, reserved 1179648K
  class space    used 17594K, committed 18688K, reserved 1048576K
}
Event: 22.974 GC heap before
{Heap before GC invocations=65 (full 0):
 garbage-first heap   total 363520K, used 312039K [0x0000000080000000, 0x0000000100000000)
  region size 1024K, 94 young (96256K), 2 survivors (2048K)
 Metaspace       used 127403K, committed 129664K, reserved 1179648K
  class space    used 17609K, committed 18688K, reserved 1048576K
}
Event: 22.978 GC heap after
{Heap after GC invocations=66 (full 0):
 garbage-first heap   total 363520K, used 217167K [0x0000000080000000, 0x0000000100000000)
  region size 1024K, 2 young (2048K), 2 survivors (2048K)
 Metaspace       used 127403K, committed 129664K, reserved 1179648K
  class space    used 17609K, committed 18688K, reserved 1048576K
}
Event: 23.295 GC heap before
{Heap before GC invocations=66 (full 0):
 garbage-first heap   total 363520K, used 327759K [0x0000000080000000, 0x0000000100000000)
  region size 1024K, 110 young (112640K), 2 survivors (2048K)
 Metaspace       used 127535K, committed 129728K, reserved 1179648K
  class space    used 17615K, committed 18688K, reserved 1048576K
}
Event: 23.299 GC heap after
{Heap after GC invocations=67 (full 0):
 garbage-first heap   total 363520K, used 217497K [0x0000000080000000, 0x0000000100000000)
  region size 1024K, 3 young (3072K), 3 survivors (3072K)
 Metaspace       used 127535K, committed 129728K, reserved 1179648K
  class space    used 17615K, committed 18688K, reserved 1048576K
}
Event: 23.597 GC heap before
{Heap before GC invocations=67 (full 0):
 garbage-first heap   total 363520K, used 335257K [0x0000000080000000, 0x0000000100000000)
  region size 1024K, 118 young (120832K), 3 survivors (3072K)
 Metaspace       used 127595K, committed 129792K, reserved 1179648K
  class space    used 17617K, committed 18688K, reserved 1048576K
}
Event: 23.603 GC heap after
{Heap after GC invocations=68 (full 0):
 garbage-first heap   total 363520K, used 217793K [0x0000000080000000, 0x0000000100000000)
  region size 1024K, 3 young (3072K), 3 survivors (3072K)
 Metaspace       used 127595K, committed 129792K, reserved 1179648K
  class space    used 17617K, committed 18688K, reserved 1048576K
}
Event: 23.878 GC heap before
{Heap before GC invocations=68 (full 0):
 garbage-first heap   total 363520K, used 339649K [0x0000000080000000, 0x0000000100000000)
  region size 1024K, 123 young (125952K), 3 survivors (3072K)
 Metaspace       used 127693K, committed 129920K, reserved 1179648K
  class space    used 17621K, committed 18688K, reserved 1048576K
}
Event: 23.885 GC heap after
{Heap after GC invocations=69 (full 0):
 garbage-first heap   total 363520K, used 215903K [0x0000000080000000, 0x0000000100000000)
  region size 1024K, 3 young (3072K), 3 survivors (3072K)
 Metaspace       used 127693K, committed 129920K, reserved 1179648K
  class space    used 17621K, committed 18688K, reserved 1048576K
}
Event: 24.171 GC heap before
{Heap before GC invocations=69 (full 0):
 garbage-first heap   total 363520K, used 340831K [0x0000000080000000, 0x0000000100000000)
  region size 1024K, 125 young (128000K), 3 survivors (3072K)
 Metaspace       used 127859K, committed 130112K, reserved 1179648K
  class space    used 17634K, committed 18752K, reserved 1048576K
}
Event: 24.177 GC heap after
{Heap after GC invocations=70 (full 0):
 garbage-first heap   total 363520K, used 216140K [0x0000000080000000, 0x0000000100000000)
  region size 1024K, 4 young (4096K), 4 survivors (4096K)
 Metaspace       used 127859K, committed 130112K, reserved 1179648K
  class space    used 17634K, committed 18752K, reserved 1048576K
}
Event: 24.585 GC heap before
{Heap before GC invocations=70 (full 0):
 garbage-first heap   total 363520K, used 337996K [0x0000000080000000, 0x0000000100000000)
  region size 1024K, 124 young (126976K), 4 survivors (4096K)
 Metaspace       used 127966K, committed 130240K, reserved 1179648K
  class space    used 17632K, committed 18752K, reserved 1048576K
}

