# JRE version: OpenJDK Runtime Environment (21.0.7) (build 21.0.7+-13880790-b1038.58)
# Java VM: OpenJDK 64-Bit Server VM (21.0.7+-13880790-b1038.58, mixed mode, tiered, compressed oops, compressed class ptrs, g1 gc, windows-amd64)
GC Precious Log:
 CardTable entry size: 512
 Card Set container configuration: InlinePtr #cards 4 size 8 Array Of Cards #cards 16 size 48 Howl #buckets 8 coarsen threshold 3686 Howl Bitmap #cards 512 size 80 coarsen threshold 460 Card regions per heap region 1 cards per card region 4096
 CPUs: 8 total, 8 available
 Memory: 12022M
 Large Page Support: Disabled
 NUMA Support: Disabled
 Compressed Oops: Enabled (Zero based)
 Heap Region Size: 2M
 Heap Min Capacity: 8M
 Heap Initial Capacity: 188M
 Heap Max Capacity: 3006M
 Pre-touch: Disabled
 Parallel Workers: 8
 Concurrent Workers: 2
 Concurrent Refinement Workers: 8
 Periodic GC: Disabled
Heap:
 garbage-first heap   total 143360K, used 90967K [0x0000000744200000, 0x0000000800000000)
  region size 2048K, 18 young (36864K), 3 survivors (6144K)
 Metaspace       used 67356K, committed 68096K, reserved 1114112K
  class space    used 8042K, committed 8384K, reserved 1048576K
GC Heap History (20 events):
Event: 2.774 GC heap before
{Heap before GC invocations=5 (full 0):
 garbage-first heap   total 43008K, used 34316K [0x0000000744200000, 0x0000000800000000)
  region size 2048K, 11 young (22528K), 2 survivors (4096K)
 Metaspace       used 34843K, committed 35008K, reserved 1114112K
  class space    used 4368K, committed 4416K, reserved 1048576K
}
Event: 2.787 GC heap after
{Heap after GC invocations=6 (full 0):
 garbage-first heap   total 43008K, used 18811K [0x0000000744200000, 0x0000000800000000)
  region size 2048K, 2 young (4096K), 2 survivors (4096K)
 Metaspace       used 34843K, committed 35008K, reserved 1114112K
  class space    used 4368K, committed 4416K, reserved 1048576K
}
Event: 2.935 GC heap before
{Heap before GC invocations=6 (full 0):
 garbage-first heap   total 43008K, used 33147K [0x0000000744200000, 0x0000000800000000)
  region size 2048K, 9 young (18432K), 2 survivors (4096K)
 Metaspace       used 35779K, committed 35968K, reserved 1114112K
  class space    used 4465K, committed 4544K, reserved 1048576K
}
Event: 2.943 GC heap after
{Heap after GC invocations=7 (full 0):
 garbage-first heap   total 45056K, used 19413K [0x0000000744200000, 0x0000000800000000)
  region size 2048K, 2 young (4096K), 2 survivors (4096K)
 Metaspace       used 35779K, committed 35968K, reserved 1114112K
  class space    used 4465K, committed 4544K, reserved 1048576K
}
Event: 3.312 GC heap before
{Heap before GC invocations=8 (full 0):
 garbage-first heap   total 45056K, used 31701K [0x0000000744200000, 0x0000000800000000)
  region size 2048K, 9 young (18432K), 2 survivors (4096K)
 Metaspace       used 38690K, committed 38912K, reserved 1114112K
  class space    used 4780K, committed 4864K, reserved 1048576K
}
Event: 3.317 GC heap after
{Heap after GC invocations=9 (full 0):
 garbage-first heap   total 45056K, used 21643K [0x0000000744200000, 0x0000000800000000)
  region size 2048K, 1 young (2048K), 1 survivors (2048K)
 Metaspace       used 38690K, committed 38912K, reserved 1114112K
  class space    used 4780K, committed 4864K, reserved 1048576K
}
Event: 3.579 GC heap before
{Heap before GC invocations=9 (full 0):
 garbage-first heap   total 45056K, used 33931K [0x0000000744200000, 0x0000000800000000)
  region size 2048K, 8 young (16384K), 1 survivors (2048K)
 Metaspace       used 41948K, committed 42240K, reserved 1114112K
  class space    used 5057K, committed 5184K, reserved 1048576K
}
Event: 3.587 GC heap after
{Heap after GC invocations=10 (full 0):
 garbage-first heap   total 118784K, used 22974K [0x0000000744200000, 0x0000000800000000)
  region size 2048K, 1 young (2048K), 1 survivors (2048K)
 Metaspace       used 41948K, committed 42240K, reserved 1114112K
  class space    used 5057K, committed 5184K, reserved 1048576K
}
Event: 4.869 GC heap before
{Heap before GC invocations=10 (full 0):
 garbage-first heap   total 118784K, used 88510K [0x0000000744200000, 0x0000000800000000)
  region size 2048K, 33 young (67584K), 1 survivors (2048K)
 Metaspace       used 52168K, committed 52864K, reserved 1114112K
  class space    used 6353K, committed 6720K, reserved 1048576K
}
Event: 4.888 GC heap after
{Heap after GC invocations=11 (full 0):
 garbage-first heap   total 118784K, used 34351K [0x0000000744200000, 0x0000000800000000)
  region size 2048K, 5 young (10240K), 5 survivors (10240K)
 Metaspace       used 52168K, committed 52864K, reserved 1114112K
  class space    used 6353K, committed 6720K, reserved 1048576K
}
Event: 6.094 GC heap before
{Heap before GC invocations=11 (full 0):
 garbage-first heap   total 118784K, used 91695K [0x0000000744200000, 0x0000000800000000)
  region size 2048K, 33 young (67584K), 5 survivors (10240K)
 Metaspace       used 58466K, committed 59136K, reserved 1114112K
  class space    used 6967K, committed 7296K, reserved 1048576K
}
Event: 6.122 GC heap after
{Heap after GC invocations=12 (full 0):
 garbage-first heap   total 118784K, used 40070K [0x0000000744200000, 0x0000000800000000)
  region size 2048K, 4 young (8192K), 4 survivors (8192K)
 Metaspace       used 58466K, committed 59136K, reserved 1114112K
  class space    used 6967K, committed 7296K, reserved 1048576K
}
Event: 6.347 GC heap before
{Heap before GC invocations=12 (full 0):
 garbage-first heap   total 118784K, used 54406K [0x0000000744200000, 0x0000000800000000)
  region size 2048K, 12 young (24576K), 4 survivors (8192K)
 Metaspace       used 59493K, committed 60160K, reserved 1114112K
  class space    used 7079K, committed 7424K, reserved 1048576K
}
Event: 6.362 GC heap after
{Heap after GC invocations=13 (full 0):
 garbage-first heap   total 118784K, used 42596K [0x0000000744200000, 0x0000000800000000)
  region size 2048K, 1 young (2048K), 1 survivors (2048K)
 Metaspace       used 59493K, committed 60160K, reserved 1114112K
  class space    used 7079K, committed 7424K, reserved 1048576K
}
Event: 7.380 GC heap before
{Heap before GC invocations=14 (full 0):
 garbage-first heap   total 118784K, used 95844K [0x0000000744200000, 0x0000000800000000)
  region size 2048K, 27 young (55296K), 1 survivors (2048K)
 Metaspace       used 64725K, committed 65472K, reserved 1114112K
  class space    used 7849K, committed 8192K, reserved 1048576K
}
Event: 7.392 GC heap after
{Heap after GC invocations=15 (full 0):
 garbage-first heap   total 118784K, used 48740K [0x0000000744200000, 0x0000000800000000)
  region size 2048K, 4 young (8192K), 4 survivors (8192K)
 Metaspace       used 64725K, committed 65472K, reserved 1114112K
  class space    used 7849K, committed 8192K, reserved 1048576K
}
Event: 8.519 GC heap before
{Heap before GC invocations=15 (full 0):
 garbage-first heap   total 118784K, used 99940K [0x0000000744200000, 0x0000000800000000)
  region size 2048K, 28 young (57344K), 4 survivors (8192K)
 Metaspace       used 67120K, committed 67840K, reserved 1114112K
  class space    used 8041K, committed 8384K, reserved 1048576K
}
Event: 8.548 GC heap after
{Heap after GC invocations=16 (full 0):
 garbage-first heap   total 143360K, used 55971K [0x0000000744200000, 0x0000000800000000)
  region size 2048K, 3 young (6144K), 3 survivors (6144K)
 Metaspace       used 67120K, committed 67840K, reserved 1114112K
  class space    used 8041K, committed 8384K, reserved 1048576K
}
Event: 8.847 GC heap before
{Heap before GC invocations=16 (full 0):
 garbage-first heap   total 143360K, used 119459K [0x0000000744200000, 0x0000000800000000)
  region size 2048K, 34 young (69632K), 3 survivors (6144K)
 Metaspace       used 67124K, committed 67840K, reserved 1114112K
  class space    used 8041K, committed 8384K, reserved 1048576K
}
Event: 8.861 GC heap after
{Heap after GC invocations=17 (full 0):
 garbage-first heap   total 143360K, used 62295K [0x0000000744200000, 0x0000000800000000)
  region size 2048K, 3 young (6144K), 3 survivors (6144K)
 Metaspace       used 67124K, committed 67840K, reserved 1114112K
  class space    used 8041K, committed 8384K, reserved 1048576K
}

